No files changed, compilation skipped
Traces:
  [5262587] DeployScript::run()
    ├─ [0] VM::envUint("PRIVATE_KEY") [staticcall]
    │   └─ ← [Return] <env var value>
    ├─ [0] VM::envAddress("PLATFORM_WALLET_ADDRESS") [staticcall]
    │   └─ ← [Return] <env var value>
    ├─ [0] VM::addr(<pk>) [staticcall]
    │   └─ ← [Return] 0x58C25c26666B31241C67Cf7B9a82e325eB07c342
    ├─ [0] console::log("==========================================") [staticcall]
    │   └─ ← [Stop]
    ├─ [0] console::log("DEPLOYING TO SOMNIA TESTNET (DREAM)") [staticcall]
    │   └─ ← [Stop]
    ├─ [0] console::log("==========================================") [staticcall]
    │   └─ ← [Stop]
    ├─ [0] console::log("Deployer:", 0x58C25c26666B31241C67Cf7B9a82e325eB07c342) [staticcall]
    │   └─ ← [Stop]
    ├─ [0] console::log("Platform Wallet:", 0x58C25c26666B31241C67Cf7B9a82e325eB07c342) [staticcall]
    │   └─ ← [Stop]
    ├─ [0] console::log("Chain ID:", 50312 [5.031e4]) [staticcall]
    │   └─ ← [Stop]
    ├─ [0] console::log("==========================================\n") [staticcall]
    │   └─ ← [Stop]
    ├─ [0] VM::startBroadcast(<pk>)
    │   └─ ← [Return]
    ├─ [0] console::log("[1/3] Deploying TipzProfile...") [staticcall]
    │   └─ ← [Stop]
    ├─ [1572862] → new TipzProfile@0x0a44935287D81dbdFae9ad574671d9440CDEF33a
    │   ├─ emit OwnershipTransferred(previousOwner: 0x0000000000000000000000000000000000000000, newOwner: 0x58C25c26666B31241C67Cf7B9a82e325eB07c342)
    │   └─ ← [Return] 7627 bytes of code
    ├─ [0] console::log("      TipzProfile deployed at:", TipzProfile: [0x0a44935287D81dbdFae9ad574671d9440CDEF33a]) [staticcall]
    │   └─ ← [Stop]
    ├─ [374] TipzProfile::owner() [staticcall]
    │   └─ ← [Return] 0x58C25c26666B31241C67Cf7B9a82e325eB07c342
    ├─ [0] console::log("      Owner:", 0x58C25c26666B31241C67Cf7B9a82e325eB07c342) [staticcall]
    │   └─ ← [Stop]
    ├─ [0] console::log("\n[2/3] Deploying TipzCore...") [staticcall]
    │   └─ ← [Stop]
    ├─ [3580813] → new TipzCore@0x86802B0421F4126074B08BB0f211A75D7c083E09
    │   ├─ emit OwnershipTransferred(previousOwner: 0x0000000000000000000000000000000000000000, newOwner: 0x58C25c26666B31241C67Cf7B9a82e325eB07c342)
    │   └─ ← [Return] 17430 bytes of code
    ├─ [0] console::log("      TipzCore deployed at:", TipzCore: [0x86802B0421F4126074B08BB0f211A75D7c083E09]) [staticcall]
    │   └─ ← [Stop]
    ├─ [408] TipzCore::owner() [staticcall]
    │   └─ ← [Return] 0x58C25c26666B31241C67Cf7B9a82e325eB07c342
    ├─ [0] console::log("      Owner:", 0x58C25c26666B31241C67Cf7B9a82e325eB07c342) [staticcall]
    │   └─ ← [Stop]
    ├─ [424] TipzCore::platformWallet() [staticcall]
    │   └─ ← [Return] 0x58C25c26666B31241C67Cf7B9a82e325eB07c342
    ├─ [0] console::log("      Platform Wallet:", 0x58C25c26666B31241C67Cf7B9a82e325eB07c342) [staticcall]
    │   └─ ← [Stop]
    ├─ [240] TipzCore::PLATFORM_FEE_RATE() [staticcall]
    │   └─ ← [Return] 200
    ├─ [0] console::log("      Platform Fee Rate:", 200, "basis points (2%)") [staticcall]
    │   └─ ← [Stop]
    ├─ [0] console::log("\n[3/3] Transferring TipzProfile ownership to TipzCore...") [staticcall]
    │   └─ ← [Stop]
    ├─ [2417] TipzProfile::transferOwnership(TipzCore: [0x86802B0421F4126074B08BB0f211A75D7c083E09])
    │   ├─ emit OwnershipTransferred(previousOwner: 0x58C25c26666B31241C67Cf7B9a82e325eB07c342, newOwner: TipzCore: [0x86802B0421F4126074B08BB0f211A75D7c083E09])
    │   └─ ← [Stop]
    ├─ [0] console::log("      Ownership transferred successfully!") [staticcall]
    │   └─ ← [Stop]
    ├─ [374] TipzProfile::owner() [staticcall]
    │   └─ ← [Return] TipzCore: [0x86802B0421F4126074B08BB0f211A75D7c083E09]
    ├─ [0] console::log("      New owner:", TipzCore: [0x86802B0421F4126074B08BB0f211A75D7c083E09]) [staticcall]
    │   └─ ← [Stop]
    ├─ [0] VM::stopBroadcast()
    │   └─ ← [Return]
    ├─ [0] console::log("\n==========================================") [staticcall]
    │   └─ ← [Stop]
    ├─ [0] console::log("DEPLOYMENT SUCCESSFUL!") [staticcall]
    │   └─ ← [Stop]
    ├─ [0] console::log("==========================================") [staticcall]
    │   └─ ← [Stop]
    ├─ [0] console::log("TipzProfile: %s", TipzProfile: [0x0a44935287D81dbdFae9ad574671d9440CDEF33a]) [staticcall]
    │   └─ ← [Stop]
    ├─ [0] console::log("TipzCore:    %s", TipzCore: [0x86802B0421F4126074B08BB0f211A75D7c083E09]) [staticcall]
    │   └─ ← [Stop]
    ├─ [0] console::log("==========================================") [staticcall]
    │   └─ ← [Stop]
    ├─ [0] console::log("\nVerify contracts with:") [staticcall]
    │   └─ ← [Stop]
    ├─ [0] console::log("forge verify-contract %s TipzProfile --chain-id 50311 --watch", TipzProfile: [0x0a44935287D81dbdFae9ad574671d9440CDEF33a]) [staticcall]
    │   └─ ← [Stop]
    ├─ [0] console::log("forge verify-contract %s TipzCore --chain-id 50311 --watch --constructor-args $(cast abi-encode \"constructor(address,address)\" %s %s)", TipzCore: [0x86802B0421F4126074B08BB0f211A75D7c083E09], TipzProfile: [0x0a44935287D81dbdFae9ad574671d9440CDEF33a], 0x58C25c26666B31241C67Cf7B9a82e325eB07c342) [staticcall]
    │   └─ ← [Stop]
    ├─ [0] console::log("\n==========================================") [staticcall]
    │   └─ ← [Stop]
    ├─ [0] console::log("Add these to your frontend/.env:") [staticcall]
    │   └─ ← [Stop]
    ├─ [0] console::log("==========================================") [staticcall]
    │   └─ ← [Stop]
    ├─ [0] console::log("VITE_TIPZ_PROFILE_ADDRESS=%s", TipzProfile: [0x0a44935287D81dbdFae9ad574671d9440CDEF33a]) [staticcall]
    │   └─ ← [Stop]
    ├─ [0] console::log("VITE_TIPZ_CORE_ADDRESS=%s", TipzCore: [0x86802B0421F4126074B08BB0f211A75D7c083E09]) [staticcall]
    │   └─ ← [Stop]
    ├─ [0] console::log("==========================================\n") [staticcall]
    │   └─ ← [Stop]
    └─ ← [Stop]


Script ran successfully.

== Logs ==
  ==========================================
  DEPLOYING TO SOMNIA TESTNET (DREAM)
  ==========================================
  Deployer: 0x58C25c26666B31241C67Cf7B9a82e325eB07c342
  Platform Wallet: 0x58C25c26666B31241C67Cf7B9a82e325eB07c342
  Chain ID: 50312
  ==========================================

  [1/3] Deploying TipzProfile...
        TipzProfile deployed at: 0x0a44935287D81dbdFae9ad574671d9440CDEF33a
        Owner: 0x58C25c26666B31241C67Cf7B9a82e325eB07c342
  
[2/3] Deploying TipzCore...
        TipzCore deployed at: 0x86802B0421F4126074B08BB0f211A75D7c083E09
        Owner: 0x58C25c26666B31241C67Cf7B9a82e325eB07c342
        Platform Wallet: 0x58C25c26666B31241C67Cf7B9a82e325eB07c342
        Platform Fee Rate: 200 basis points (2%)
  
[3/3] Transferring TipzProfile ownership to TipzCore...
        Ownership transferred successfully!
        New owner: 0x86802B0421F4126074B08BB0f211A75D7c083E09
  
==========================================
  DEPLOYMENT SUCCESSFUL!
  ==========================================
  TipzProfile: 0x0a44935287D81dbdFae9ad574671d9440CDEF33a
  TipzCore:    0x86802B0421F4126074B08BB0f211A75D7c083E09
  ==========================================
  
Verify contracts with:
  forge verify-contract 0x0a44935287D81dbdFae9ad574671d9440CDEF33a TipzProfile --chain-id 50311 --watch
  forge verify-contract 0x86802B0421F4126074B08BB0f211A75D7c083E09 TipzCore --chain-id 50311 --watch --constructor-args $(cast abi-encode "constructor(address,address)" 0x0a44935287D81dbdFae9ad574671d9440CDEF33a 0x58C25c26666B31241C67Cf7B9a82e325eB07c342)
  
==========================================
  Add these to your frontend/.env:
  ==========================================
  VITE_TIPZ_PROFILE_ADDRESS=0x0a44935287D81dbdFae9ad574671d9440CDEF33a
  VITE_TIPZ_CORE_ADDRESS=0x86802B0421F4126074B08BB0f211A75D7c083E09
  ==========================================


## Setting up 1 EVM.
==========================
Simulated On-chain Traces:

  [1572862] → new TipzProfile@0x0a44935287D81dbdFae9ad574671d9440CDEF33a
    ├─ emit OwnershipTransferred(previousOwner: 0x0000000000000000000000000000000000000000, newOwner: 0x58C25c26666B31241C67Cf7B9a82e325eB07c342)
    └─ ← [Return] 7627 bytes of code

  [3580813] → new TipzCore@0x86802B0421F4126074B08BB0f211A75D7c083E09
    ├─ emit OwnershipTransferred(previousOwner: 0x0000000000000000000000000000000000000000, newOwner: 0x58C25c26666B31241C67Cf7B9a82e325eB07c342)
    └─ ← [Return] 17430 bytes of code

  [7217] TipzProfile::transferOwnership(TipzCore: [0x86802B0421F4126074B08BB0f211A75D7c083E09])
    ├─ emit OwnershipTransferred(previousOwner: 0x58C25c26666B31241C67Cf7B9a82e325eB07c342, newOwner: TipzCore: [0x86802B0421F4126074B08BB0f211A75D7c083E09])
    └─ ← [Stop]


==========================

Chain 50312

Estimated gas price: 6 gwei

Estimated total gas used for script: 7406433

Estimated amount required: 0.044438598 ETH

==========================

Transactions saved to: /home/akan_nigeria/tipz/contract/broadcast/Deploy.s.sol/50312/run-latest.json

Sensitive values saved to: /home/akan_nigeria/tipz/contract/cache/Deploy.s.sol/50312/run-latest.json

Error: Failed to send transaction

Context:
- Error #0: error decoding response body
- Error #1: request or response body error
- Error #2: operation timed out
